[INFO] src\config\simulation.rs:41 - Calculated acoustic wavelength: 0.008333333333333333 m
[INFO] src\config\simulation.rs:41 - Calculated acoustic wavelength: 0.0015 m
[INFO] src\sensor\mod.rs:34 - Sensor initialized with 2 positions for 1824 steps
[INFO] src\recorder\mod.rs:38 - Initialized Recorder: 2 sensors, duration 9.998841e-5 s, pressure: true, light: true
[INFO] src\solver\mod.rs:73 - Initializing Solver with 4D fields: 4 fields, grid 667x334x334
[INFO] src\solver\mod.rs:99 - Starting simulation: dt = 5.484828e-8, steps = 1824
[INFO] src\solver\mod.rs:183 - Step 0: Pressure = -1.283397e-2, Light = 0.000000e0, Temp = 293.15
[INFO] src\config\simulation.rs:41 - Calculated acoustic wavelength: 0.0015 m
[INFO] src\sensor\mod.rs:34 - Sensor initialized with 2 positions for 1824 steps
[INFO] src\recorder\mod.rs:38 - Initialized Recorder: 2 sensors, duration 9.998841e-5 s, pressure: true, light: true
[INFO] src\solver\mod.rs:73 - Initializing Solver with 4D fields: 4 fields, grid 667x334x334
[INFO] src\solver\mod.rs:99 - Starting simulation: dt = 5.484828e-8, steps = 1824
[INFO] src\config\simulation.rs:41 - Calculated acoustic wavelength: 0.0015 m
[INFO] src\sensor\mod.rs:34 - Sensor initialized with 2 positions for 1824 steps
[INFO] src\recorder\mod.rs:38 - Initialized Recorder: 2 sensors, duration 9.998841e-5 s, pressure: true, light: true
[INFO] src\solver\mod.rs:73 - Initializing Solver with 4D fields: 4 fields, grid 667x334x334
[INFO] src\solver\mod.rs:99 - Starting simulation: dt = 5.484828e-8, steps = 1824
[INFO] src\config\simulation.rs:66 - Calculated acoustic wavelength: 0.0015 m
[INFO] src\sensor\mod.rs:34 - Sensor initialized with 2 positions for 1824 steps
[INFO] src\recorder\mod.rs:38 - Initialized Recorder: 2 sensors, duration 9.998841e-5 s, pressure: true, light: true
[INFO] src\solver\mod.rs:119 - Starting simulation: dt = 5.484828e-8, steps = 1824
[INFO] src\config\simulation.rs:66 - Calculated acoustic wavelength: 0.0015 m
[INFO] src\sensor\mod.rs:34 - Sensor initialized with 2 positions for 1824 steps
[INFO] src\recorder\mod.rs:38 - Initialized Recorder: 2 sensors, duration 9.998841e-5 s, pressure: true, light: true
[INFO] src\solver\mod.rs:119 - Starting simulation: dt = 5.484828e-8, steps = 1824
[INFO] src\config\simulation.rs:66 - Calculated acoustic wavelength: 0.008333333333333333 m
[INFO] src\sensor\mod.rs:34 - Sensor initialized with 4 positions for 22 steps
[INFO] src\recorder\mod.rs:38 - Initialized Recorder: 4 sensors, duration 1.066494e-5 s, pressure: true, light: true
[INFO] src\solver\mod.rs:119 - Starting simulation: dt = 5.078544e-7, steps = 22
[INFO] src\solver\mod.rs:293 - Step 0/22 (0.0%): Pressure = -2.031e-2 Pa, Light = 0.000e0 W/m², Temp = 293.15 K, Time = 0.147s, Avg = 0.147s, ETA: 0h 0m 3s
[INFO] src\solver\mod.rs:293 - Step 21/22 (95.5%): Pressure = -2.726e-2 Pa, Light = 0.000e0 W/m², Temp = 293.15 K, Time = 0.120s, Avg = 0.128s, ETA: 0h 0m 0s
[INFO] src\solver\mod.rs:333 - Simulation completed in 2.81s. Steps: 22, Avg: 0.128s/step, Min: 0.110s, Max: 0.149s
[INFO] src\solver\mod.rs:339 - Physics component breakdown:
[INFO] src\solver\mod.rs:340 -   Acoustic Wave: 0.038s/step (29.5%)
[INFO] src\solver\mod.rs:341 -   Boundary: 0.005s/step (4.2%)
[INFO] src\solver\mod.rs:342 -   Cavitation: 0.037s/step (29.1%)
[INFO] src\solver\mod.rs:343 -   Light Diffusion: 0.006s/step (4.6%)
[INFO] src\solver\mod.rs:344 -   Thermal: 0.006s/step (4.3%)
[INFO] src\solver\mod.rs:345 -   Chemical: 0.001s/step (0.5%)
[INFO] src\solver\mod.rs:346 -   Other: 0.035s/step (27.7%)
[INFO] src\output\mod.rs:14 - Saving pressure data to sdt_pressure_output.csv
[INFO] src\output\mod.rs:39 - Saving light data to sdt_light_output.csv
[INFO] src\output\mod.rs:64 - Generating summary to sdt_summary.csv
[INFO] src\recorder\mod.rs:102 - Saving recorded data to sdt_sensor_data.csv
[INFO] src\recorder\mod.rs:136 - Saving 3 full 4D snapshots
[INFO] src\plotting\mod.rs:21 - Generating 3D scatter plot: source_positions
[INFO] src\plotting\mod.rs:21 - Generating 3D scatter plot: sensor_positions
[INFO] src\plotting\mod.rs:53 - Generating 2D heatmap: pressure_slice
[INFO] src\plotting\mod.rs:53 - Generating 2D heatmap: light_slice
[INFO] src\plotting\mod.rs:53 - Generating 2D heatmap: temperature_slice
[INFO] src\plotting\mod.rs:53 - Generating 2D heatmap: cavitation_slice
[INFO] src\plotting\mod.rs:115 - Generating time series plot for sensor 0: pressure_time_series
[INFO] src\plotting\mod.rs:115 - Generating time series plot for sensor 0: light_time_series
[INFO] examples\sonodynamic_therapy_simulation.rs:96 - SDT simulation completed. Outputs saved and plotted as HTML files.
[INFO] src\config\simulation.rs:66 - Calculated acoustic wavelength: 0.0015 m
[INFO] src\sensor\mod.rs:34 - Sensor initialized with 2 positions for 33 steps
[INFO] src\recorder\mod.rs:38 - Initialized Recorder: 2 sensors, duration 2.925241e-6 s, pressure: true, light: true
[INFO] src\solver\mod.rs:119 - Starting simulation: dt = 9.141379e-8, steps = 33
[INFO] src\solver\mod.rs:293 - Step 0/33 (0.0%): Pressure = -1.297e-2 Pa, Light = 0.000e0 W/m², Temp = 293.15 K, Time = 38.830s, Avg = 38.830s, ETA: 0h 20m 43s
[INFO] src\solver\mod.rs:293 - Step 1/33 (3.0%): Pressure = -2.596e-2 Pa, Light = 0.000e0 W/m², Temp = 293.15 K, Time = 42.297s, Avg = 40.564s, ETA: 0h 20m 57s
[INFO] src\solver\mod.rs:293 - Step 2/33 (6.1%): Pressure = -3.863e-2 Pa, Light = 0.000e0 W/m², Temp = 293.15 K, Time = 37.338s, Avg = 39.489s, ETA: 0h 19m 45s
[INFO] src\solver\mod.rs:293 - Step 3/33 (9.1%): Pressure = -5.066e-2 Pa, Light = 0.000e0 W/m², Temp = 293.15 K, Time = 37.916s, Avg = 39.095s, ETA: 0h 18m 54s
[INFO] src\solver\mod.rs:293 - Step 4/33 (12.1%): Pressure = -6.186e-2 Pa, Light = 0.000e0 W/m², Temp = 293.15 K, Time = 39.330s, Avg = 39.142s, ETA: 0h 18m 16s
[INFO] src\solver\mod.rs:293 - Step 5/33 (15.2%): Pressure = -7.210e-2 Pa, Light = 0.000e0 W/m², Temp = 293.15 K, Time = 39.806s, Avg = 39.253s, ETA: 0h 17m 40s
[INFO] src\solver\mod.rs:293 - Step 6/33 (18.2%): Pressure = -8.137e-2 Pa, Light = 0.000e0 W/m², Temp = 293.15 K, Time = 41.442s, Avg = 39.566s, ETA: 0h 17m 9s
[INFO] src\solver\mod.rs:293 - Step 7/33 (21.2%): Pressure = -8.972e-2 Pa, Light = 0.000e0 W/m², Temp = 293.15 K, Time = 39.976s, Avg = 39.617s, ETA: 0h 16m 30s
[INFO] src\solver\mod.rs:293 - Step 8/33 (24.2%): Pressure = -9.721e-2 Pa, Light = 0.000e0 W/m², Temp = 293.15 K, Time = 42.085s, Avg = 39.891s, ETA: 0h 15m 57s
[INFO] src\solver\mod.rs:293 - Step 9/33 (27.3%): Pressure = -1.039e-1 Pa, Light = 0.000e0 W/m², Temp = 293.15 K, Time = 51.665s, Avg = 41.069s, ETA: 0h 15m 45s
[INFO] src\solver\mod.rs:293 - Step 10/33 (30.3%): Pressure = -1.100e-1 Pa, Light = 0.000e0 W/m², Temp = 293.15 K, Time = 59.691s, Avg = 42.762s, ETA: 0h 15m 41s
[INFO] src\solver\mod.rs:293 - Step 11/33 (33.3%): Pressure = -1.155e-1 Pa, Light = 0.000e0 W/m², Temp = 293.15 K, Time = 42.515s, Avg = 42.741s, ETA: 0h 14m 58s
[INFO] src\solver\mod.rs:293 - Step 12/33 (36.4%): Pressure = -1.204e-1 Pa, Light = 0.000e0 W/m², Temp = 293.15 K, Time = 46.076s, Avg = 42.998s, ETA: 0h 14m 20s
[INFO] src\solver\mod.rs:293 - Step 13/33 (39.4%): Pressure = -1.249e-1 Pa, Light = 0.000e0 W/m², Temp = 293.15 K, Time = 48.496s, Avg = 43.390s, ETA: 0h 13m 44s
[INFO] src\solver\mod.rs:293 - Step 14/33 (42.4%): Pressure = -1.289e-1 Pa, Light = 0.000e0 W/m², Temp = 293.15 K, Time = 54.572s, Avg = 44.136s, ETA: 0h 13m 14s
[INFO] src\solver\mod.rs:293 - Step 15/33 (45.5%): Pressure = -1.327e-1 Pa, Light = 0.000e0 W/m², Temp = 293.15 K, Time = 49.962s, Avg = 44.500s, ETA: 0h 12m 36s
[INFO] src\solver\mod.rs:293 - Step 16/33 (48.5%): Pressure = -1.360e-1 Pa, Light = 0.000e0 W/m², Temp = 293.15 K, Time = 47.737s, Avg = 44.690s, ETA: 0h 11m 55s
[INFO] src\solver\mod.rs:293 - Step 17/33 (51.5%): Pressure = -1.392e-1 Pa, Light = 0.000e0 W/m², Temp = 293.15 K, Time = 48.421s, Avg = 44.898s, ETA: 0h 11m 13s
[INFO] src\solver\mod.rs:293 - Step 18/33 (54.5%): Pressure = -1.420e-1 Pa, Light = 0.000e0 W/m², Temp = 293.15 K, Time = 49.733s, Avg = 45.152s, ETA: 0h 10m 32s
[INFO] src\solver\mod.rs:293 - Step 19/33 (57.6%): Pressure = -1.447e-1 Pa, Light = 0.000e0 W/m², Temp = 293.15 K, Time = 49.595s, Avg = 45.374s, ETA: 0h 9m 50s
[INFO] src\solver\mod.rs:293 - Step 20/33 (60.6%): Pressure = -1.471e-1 Pa, Light = 0.000e0 W/m², Temp = 293.15 K, Time = 46.514s, Avg = 45.428s, ETA: 0h 9m 5s
[INFO] src\solver\mod.rs:293 - Step 21/33 (63.6%): Pressure = -1.493e-1 Pa, Light = 0.000e0 W/m², Temp = 293.15 K, Time = 42.942s, Avg = 45.315s, ETA: 0h 8m 18s
[INFO] src\solver\mod.rs:293 - Step 22/33 (66.7%): Pressure = -1.514e-1 Pa, Light = 0.000e0 W/m², Temp = 293.15 K, Time = 47.348s, Avg = 45.404s, ETA: 0h 7m 34s
[INFO] src\solver\mod.rs:293 - Step 23/33 (69.7%): Pressure = -1.533e-1 Pa, Light = 0.000e0 W/m², Temp = 293.15 K, Time = 44.742s, Avg = 45.376s, ETA: 0h 6m 48s
[INFO] src\solver\mod.rs:293 - Step 24/33 (72.7%): Pressure = -1.551e-1 Pa, Light = 0.000e0 W/m², Temp = 293.15 K, Time = 57.699s, Avg = 45.869s, ETA: 0h 6m 7s
[INFO] src\solver\mod.rs:293 - Step 25/33 (75.8%): Pressure = -1.568e-1 Pa, Light = 0.000e0 W/m², Temp = 293.15 K, Time = 40.582s, Avg = 45.666s, ETA: 0h 5m 20s
[INFO] src\solver\mod.rs:293 - Step 26/33 (78.8%): Pressure = -1.583e-1 Pa, Light = 0.000e0 W/m², Temp = 293.15 K, Time = 44.901s, Avg = 45.637s, ETA: 0h 4m 34s
[INFO] src\solver\mod.rs:293 - Step 27/33 (81.8%): Pressure = -1.598e-1 Pa, Light = 0.000e0 W/m², Temp = 293.15 K, Time = 49.202s, Avg = 45.765s, ETA: 0h 3m 49s
[INFO] src\solver\mod.rs:293 - Step 28/33 (84.8%): Pressure = -1.611e-1 Pa, Light = 0.000e0 W/m², Temp = 293.15 K, Time = 44.775s, Avg = 45.731s, ETA: 0h 3m 3s
[INFO] src\solver\mod.rs:293 - Step 29/33 (87.9%): Pressure = -1.623e-1 Pa, Light = 0.000e0 W/m², Temp = 293.15 K, Time = 45.089s, Avg = 45.709s, ETA: 0h 2m 17s
[INFO] src\solver\mod.rs:293 - Step 30/33 (90.9%): Pressure = -1.635e-1 Pa, Light = 0.000e0 W/m², Temp = 293.15 K, Time = 45.747s, Avg = 45.710s, ETA: 0h 1m 31s
[INFO] src\solver\mod.rs:293 - Step 31/33 (93.9%): Pressure = -1.645e-1 Pa, Light = 0.000e0 W/m², Temp = 293.15 K, Time = 40.450s, Avg = 45.546s, ETA: 0h 0m 46s
[INFO] src\solver\mod.rs:293 - Step 32/33 (97.0%): Pressure = -1.655e-1 Pa, Light = 0.000e0 W/m², Temp = 293.15 K, Time = 46.826s, Avg = 45.585s, ETA: 0h 0m 0s
[INFO] src\solver\mod.rs:333 - Simulation completed in 1504.30s. Steps: 33, Avg: 45.585s/step, Min: 37.338s, Max: 59.691s
[INFO] src\solver\mod.rs:339 - Physics component breakdown:
[INFO] src\solver\mod.rs:340 -   Acoustic Wave: 6.003s/step (13.2%)
[INFO] src\solver\mod.rs:341 -   Boundary: 3.363s/step (7.4%)
[INFO] src\solver\mod.rs:342 -   Cavitation: 15.432s/step (33.9%)
[INFO] src\solver\mod.rs:343 -   Light Diffusion: 2.885s/step (6.3%)
[INFO] src\solver\mod.rs:344 -   Thermal: 2.920s/step (6.4%)
[INFO] src\solver\mod.rs:345 -   Chemical: 0.180s/step (0.4%)
[INFO] src\solver\mod.rs:346 -   Other: 14.802s/step (32.5%)
[INFO] src\recorder\mod.rs:102 - Saving recorded data to hifu_sonoluminescence.csv
[INFO] src\recorder\mod.rs:136 - Saving 4 full 4D snapshots
[INFO] examples\tissue_model_example.rs:45 - Starting tissue model simulation with 1 MHz transducer
[INFO] examples\tissue_model_example.rs:53 - Created grid with dimensions: 200x120x120
[INFO] src\medium\heterogeneous\tissue.rs:40 - Created heterogeneous tissue medium with dimensions (200, 120, 120)
[INFO] examples\tissue_model_example.rs:57 - Created layered tissue medium model
[INFO] src\medium\absorption\tissue_specific.rs:217 - Initialized tissue property database with 13 tissues
[INFO] examples\tissue_model_example.rs:79 - Created linear array at position (0.010, 0.030, 0.030) m focusing at (0.050, 0.030, 0.030) m
[INFO] examples\tissue_model_example.rs:87 - Configured nonlinear wave solver with enhanced physics
[INFO] src\sensor\mod.rs:34 - Sensor initialized with 3 positions for 80 steps
[INFO] src\recorder\mod.rs:38 - Initialized Recorder: 3 sensors, duration 4.937500e-6 s, pressure: true, light: true
[INFO] examples\tissue_model_example.rs:141 - Starting simulation with 80 time steps
[INFO] src\solver\mod.rs:119 - Starting simulation: dt = 6.250000e-8, steps = 80
[INFO] examples\tissue_model_example.rs:45 - Starting tissue model simulation with 1 MHz transducer
[INFO] examples\tissue_model_example.rs:53 - Created grid with dimensions: 200x120x120
[INFO] src\medium\heterogeneous\tissue.rs:40 - Created heterogeneous tissue medium with dimensions (200, 120, 120)
[INFO] examples\tissue_model_example.rs:57 - Created layered tissue medium model
[INFO] src\medium\absorption\tissue_specific.rs:217 - Initialized tissue property database with 13 tissues
[INFO] examples\tissue_model_example.rs:79 - Created linear array at position (0.010, 0.030, 0.030) m focusing at (0.050, 0.030, 0.030) m
[INFO] examples\tissue_model_example.rs:87 - Configured nonlinear wave solver with enhanced physics
[INFO] src\sensor\mod.rs:34 - Sensor initialized with 3 positions for 80 steps
[INFO] src\recorder\mod.rs:38 - Initialized Recorder: 3 sensors, duration 4.937500e-6 s, pressure: true, light: true
[INFO] examples\tissue_model_example.rs:141 - Starting simulation with 80 time steps
[INFO] src\solver\mod.rs:119 - Starting simulation: dt = 6.250000e-8, steps = 80
[INFO] examples\tissue_model_example.rs:45 - Starting tissue model simulation with 1 MHz transducer
[INFO] examples\tissue_model_example.rs:53 - Created grid with dimensions: 200x120x120
[INFO] src\medium\heterogeneous\tissue.rs:40 - Created heterogeneous tissue medium with dimensions (200, 120, 120)
[INFO] examples\tissue_model_example.rs:57 - Created layered tissue medium model
[INFO] src\medium\absorption\tissue_specific.rs:217 - Initialized tissue property database with 13 tissues
[INFO] examples\tissue_model_example.rs:79 - Created linear array at position (0.010, 0.030, 0.030) m focusing at (0.050, 0.030, 0.030) m
[INFO] examples\tissue_model_example.rs:87 - Configured nonlinear wave solver with enhanced physics
[INFO] src\sensor\mod.rs:34 - Sensor initialized with 3 positions for 80 steps
[INFO] src\recorder\mod.rs:38 - Initialized Recorder: 3 sensors, duration 4.937500e-6 s, pressure: true, light: true
[INFO] examples\tissue_model_example.rs:141 - Starting simulation with 80 time steps
[INFO] src\solver\mod.rs:119 - Starting simulation: dt = 6.250000e-8, steps = 80
[INFO] examples\tissue_model_example.rs:45 - Starting tissue model simulation with 1 MHz transducer
[INFO] examples\tissue_model_example.rs:53 - Created grid with dimensions: 200x120x120
[INFO] src\medium\heterogeneous\tissue.rs:40 - Created heterogeneous tissue medium with dimensions (200, 120, 120)
[INFO] examples\tissue_model_example.rs:57 - Created layered tissue medium model
[INFO] src\medium\absorption\tissue_specific.rs:217 - Initialized tissue property database with 13 tissues
[INFO] examples\tissue_model_example.rs:79 - Created linear array at position (0.010, 0.030, 0.030) m focusing at (0.050, 0.030, 0.030) m
[INFO] examples\tissue_model_example.rs:87 - Configured nonlinear wave solver with enhanced physics
[INFO] src\sensor\mod.rs:34 - Sensor initialized with 3 positions for 80 steps
[INFO] src\recorder\mod.rs:38 - Initialized Recorder: 3 sensors, duration 4.937500e-6 s, pressure: true, light: true
[INFO] examples\tissue_model_example.rs:141 - Starting simulation with 80 time steps
[INFO] src\solver\mod.rs:119 - Starting simulation: dt = 6.250000e-8, steps = 80
[INFO] examples\tissue_model_example.rs:45 - Starting tissue model simulation with 1 MHz transducer
[INFO] examples\tissue_model_example.rs:53 - Created grid with dimensions: 200x120x120
[INFO] src\medium\heterogeneous\tissue.rs:40 - Created heterogeneous tissue medium with dimensions (200, 120, 120)
[INFO] examples\tissue_model_example.rs:57 - Created layered tissue medium model
[INFO] src\medium\absorption\tissue_specific.rs:217 - Initialized tissue property database with 13 tissues
[INFO] examples\tissue_model_example.rs:79 - Created linear array at position (0.010, 0.030, 0.030) m focusing at (0.050, 0.030, 0.030) m
[INFO] examples\tissue_model_example.rs:87 - Configured nonlinear wave solver with enhanced physics
[INFO] src\sensor\mod.rs:34 - Sensor initialized with 3 positions for 80 steps
[INFO] src\recorder\mod.rs:38 - Initialized Recorder: 3 sensors, duration 4.937500e-6 s, pressure: true, light: true
[INFO] examples\tissue_model_example.rs:141 - Starting simulation with 80 time steps
[INFO] src\solver\mod.rs:119 - Starting simulation: dt = 6.250000e-8, steps = 80
[INFO] src\solver\mod.rs:335 - Step 0/80 (0.0%): Pressure = 8.000e-7 Pa, Light = 4.577e-14 W/m², Temp = 0.00 K, Time = 17.410s, Avg = 17.410s, ETA: 0h 22m 55s
[INFO] src\solver\mod.rs:335 - Step 1/80 (1.2%): Pressure = 2.549e0 Pa, Light = 9.132e-14 W/m², Temp = 0.00 K, Time = 13.196s, Avg = 15.303s, ETA: 0h 19m 54s
[INFO] src\solver\mod.rs:335 - Step 2/80 (2.5%): Pressure = 4.714e0 Pa, Light = 1.368e-13 W/m², Temp = 0.00 K, Time = 12.300s, Avg = 14.302s, ETA: 0h 18m 21s
[INFO] src\solver\mod.rs:335 - Step 3/80 (3.8%): Pressure = 6.161e0 Pa, Light = 1.823e-13 W/m², Temp = 0.00 K, Time = 12.987s, Avg = 13.973s, ETA: 0h 17m 42s
[INFO] src\solver\mod.rs:335 - Step 4/80 (5.0%): Pressure = 6.671e0 Pa, Light = 2.276e-13 W/m², Temp = 0.00 K, Time = 12.815s, Avg = 13.741s, ETA: 0h 17m 11s
[INFO] src\solver\mod.rs:335 - Step 5/80 (6.2%): Pressure = 6.165e0 Pa, Light = 2.718e-13 W/m², Temp = 0.00 K, Time = 13.741s, Avg = 13.741s, ETA: 0h 16m 57s
[INFO] src\solver\mod.rs:335 - Step 6/80 (7.5%): Pressure = 4.720e0 Pa, Light = 3.147e-13 W/m², Temp = 0.00 K, Time = 12.906s, Avg = 13.622s, ETA: 0h 16m 34s
[INFO] src\solver\mod.rs:335 - Step 7/80 (8.8%): Pressure = 2.557e0 Pa, Light = 3.557e-13 W/m², Temp = 0.00 K, Time = 13.765s, Avg = 13.640s, ETA: 0h 16m 22s
[INFO] src\solver\mod.rs:335 - Step 8/80 (10.0%): Pressure = 4.193e-3 Pa, Light = 3.948e-13 W/m², Temp = 0.00 K, Time = 12.400s, Avg = 13.502s, ETA: 0h 15m 59s
[INFO] src\config\simulation.rs:66 - Calculated acoustic wavelength: 0.0015 m
[INFO] src\sensor\mod.rs:34 - Sensor initialized with 4 positions for 110 steps
[INFO] src\recorder\mod.rs:38 - Initialized Recorder: 4 sensors, duration 4.982052e-6 s, pressure: true, light: true
[INFO] src\solver\mod.rs:119 - Starting simulation: dt = 4.570690e-8, steps = 110
[INFO] src\solver\mod.rs:335 - Step 9/80 (11.2%): Pressure = -2.549e0 Pa, Light = 4.320e-13 W/m², Temp = 0.00 K, Time = 13.114s, Avg = 13.463s, ETA: 0h 15m 42s
[INFO] src\solver\mod.rs:335 - Step 10/80 (12.5%): Pressure = -4.714e0 Pa, Light = 4.682e-13 W/m², Temp = 0.00 K, Time = 15.762s, Avg = 13.672s, ETA: 0h 15m 43s
[INFO] src\solver\mod.rs:335 - Step 11/80 (13.8%): Pressure = -6.161e0 Pa, Light = 5.031e-13 W/m², Temp = 0.00 K, Time = 11.851s, Avg = 13.520s, ETA: 0h 15m 19s
[INFO] src\solver\mod.rs:335 - Step 12/80 (15.0%): Pressure = -6.671e0 Pa, Light = 5.377e-13 W/m², Temp = 0.00 K, Time = 12.578s, Avg = 13.448s, ETA: 0h 15m 1s
[INFO] src\solver\mod.rs:335 - Step 13/80 (16.2%): Pressure = -6.165e0 Pa, Light = 5.705e-13 W/m², Temp = 0.00 K, Time = 19.578s, Avg = 13.886s, ETA: 0h 15m 16s
[INFO] src\solver\mod.rs:335 - Step 14/80 (17.5%): Pressure = -4.720e0 Pa, Light = 6.015e-13 W/m², Temp = 0.00 K, Time = 14.131s, Avg = 13.902s, ETA: 0h 15m 4s
[INFO] src\solver\mod.rs:335 - Step 15/80 (18.8%): Pressure = -2.557e0 Pa, Light = 6.305e-13 W/m², Temp = 0.00 K, Time = 12.583s, Avg = 13.820s, ETA: 0h 14m 44s
[INFO] examples\tissue_model_example.rs:45 - Starting tissue model simulation with 1 MHz transducer
[INFO] examples\tissue_model_example.rs:53 - Created grid with dimensions: 200x120x120
[INFO] src\medium\heterogeneous\tissue.rs:40 - Created heterogeneous tissue medium with dimensions (200, 120, 120)
[INFO] src\medium\heterogeneous\tissue.rs:74 - Created layered tissue medium with 7 layers
[INFO] examples\tissue_model_example.rs:57 - Created layered tissue medium model
[INFO] src\medium\absorption\tissue_specific.rs:217 - Initialized tissue property database with 13 tissues
[INFO] examples\tissue_model_example.rs:79 - Created linear array at position (0.010, 0.030, 0.030) m focusing at (0.050, 0.030, 0.030) m
[INFO] examples\tissue_model_example.rs:87 - Configured nonlinear wave solver with enhanced physics
[INFO] src\sensor\mod.rs:34 - Sensor initialized with 3 positions for 80 steps
[INFO] src\recorder\mod.rs:38 - Initialized Recorder: 3 sensors, duration 4.937500e-6 s, pressure: true, light: true
[INFO] examples\tissue_model_example.rs:141 - Starting simulation with 80 time steps
[INFO] src\solver\mod.rs:119 - Starting simulation: dt = 6.250000e-8, steps = 80
[INFO] examples\tissue_model_example.rs:45 - Starting tissue model simulation with 1 MHz transducer
[INFO] examples\tissue_model_example.rs:53 - Created grid with dimensions: 200x120x120
[INFO] src\medium\heterogeneous\tissue.rs:40 - Created heterogeneous tissue medium with dimensions (200, 120, 120)
[INFO] src\medium\heterogeneous\tissue.rs:74 - Created layered tissue medium with 7 layers
[INFO] examples\tissue_model_example.rs:57 - Created layered tissue medium model
[INFO] src\medium\absorption\tissue_specific.rs:217 - Initialized tissue property database with 13 tissues
[INFO] examples\tissue_model_example.rs:79 - Created linear array at position (0.010, 0.030, 0.030) m focusing at (0.050, 0.030, 0.030) m
[INFO] examples\tissue_model_example.rs:87 - Configured nonlinear wave solver with enhanced physics
[INFO] src\sensor\mod.rs:34 - Sensor initialized with 3 positions for 80 steps
[INFO] src\recorder\mod.rs:38 - Initialized Recorder: 3 sensors, duration 4.937500e-6 s, pressure: true, light: true
[INFO] examples\tissue_model_example.rs:141 - Starting simulation with 80 time steps
[INFO] src\solver\mod.rs:119 - Starting simulation: dt = 6.250000e-8, steps = 80
[INFO] examples\tissue_model_example.rs:45 - Starting tissue model simulation with 1 MHz transducer
[INFO] examples\tissue_model_example.rs:53 - Created grid with dimensions: 200x120x120
[INFO] src\medium\heterogeneous\tissue.rs:40 - Created heterogeneous tissue medium with dimensions (200, 120, 120)
[INFO] src\medium\heterogeneous\tissue.rs:74 - Created layered tissue medium with 7 layers
[INFO] examples\tissue_model_example.rs:57 - Created layered tissue medium model
[INFO] src\medium\absorption\tissue_specific.rs:217 - Initialized tissue property database with 13 tissues
[INFO] examples\tissue_model_example.rs:79 - Created linear array at position (0.010, 0.030, 0.030) m focusing at (0.050, 0.030, 0.030) m
[INFO] examples\tissue_model_example.rs:87 - Configured nonlinear wave solver with enhanced physics
[INFO] src\sensor\mod.rs:34 - Sensor initialized with 3 positions for 80 steps
[INFO] src\recorder\mod.rs:38 - Initialized Recorder: 3 sensors, duration 4.937500e-6 s, pressure: true, light: true
[INFO] examples\tissue_model_example.rs:141 - Starting simulation with 80 time steps
[INFO] src\solver\mod.rs:119 - Starting simulation: dt = 6.250000e-8, steps = 80
[WARN] src\solver\mod.rs:246 - Could not get exclusive access to medium for chemical update - skipping mutating operations
[INFO] examples\tissue_model_example.rs:45 - Starting tissue model simulation with 1 MHz transducer
[INFO] examples\tissue_model_example.rs:53 - Created grid with dimensions: 200x120x120
[INFO] src\medium\heterogeneous\tissue.rs:40 - Created heterogeneous tissue medium with dimensions (200, 120, 120)
[INFO] src\medium\heterogeneous\tissue.rs:74 - Created layered tissue medium with 7 layers
[INFO] examples\tissue_model_example.rs:57 - Created layered tissue medium model
[INFO] src\medium\absorption\tissue_specific.rs:217 - Initialized tissue property database with 13 tissues
[INFO] examples\tissue_model_example.rs:79 - Created linear array at position (0.010, 0.030, 0.030) m focusing at (0.050, 0.030, 0.030) m
[INFO] examples\tissue_model_example.rs:87 - Configured nonlinear wave solver with enhanced physics
[INFO] src\sensor\mod.rs:34 - Sensor initialized with 3 positions for 80 steps
[INFO] src\recorder\mod.rs:38 - Initialized Recorder: 3 sensors, duration 4.937500e-6 s, pressure: true, light: true
[INFO] examples\tissue_model_example.rs:141 - Starting simulation with 80 time steps
[INFO] src\solver\mod.rs:119 - Starting simulation: dt = 6.250000e-8, steps = 80
[WARN] src\solver\mod.rs:246 - Could not get exclusive access to medium for chemical update - skipping mutating operations
[INFO] src\solver\mod.rs:318 - Step 0/80 (0.0%): Pressure = 4.441e25 Pa, Light = 0.000e0 W/m², Temp = 293.15 K, Time = 18.827s, Avg = 18.827s, ETA: 0h 24m 47s
[WARN] src\solver\mod.rs:246 - Could not get exclusive access to medium for chemical update - skipping mutating operations
[INFO] src\solver\mod.rs:318 - Step 1/80 (1.2%): Pressure = 8.102e177 Pa, Light = 0.000e0 W/m², Temp = 293.15 K, Time = 18.260s, Avg = 18.544s, ETA: 0h 24m 6s
[WARN] src\solver\mod.rs:246 - Could not get exclusive access to medium for chemical update - skipping mutating operations
[INFO] src\solver\mod.rs:318 - Step 2/80 (2.5%): Pressure = 0.000e0 Pa, Light = 0.000e0 W/m², Temp = 293.15 K, Time = 21.346s, Avg = 19.478s, ETA: 0h 24m 60s
[WARN] src\solver\mod.rs:246 - Could not get exclusive access to medium for chemical update - skipping mutating operations
[INFO] src\solver\mod.rs:318 - Step 3/80 (3.8%): Pressure = 6.570e178 Pa, Light = 0.000e0 W/m², Temp = 293.15 K, Time = 17.428s, Avg = 18.965s, ETA: 0h 24m 1s
[INFO] examples\tissue_model_example.rs:45 - Starting tissue model simulation with 1 MHz transducer
[INFO] examples\tissue_model_example.rs:53 - Created grid with dimensions: 200x120x120
[INFO] src\medium\heterogeneous\tissue.rs:40 - Created heterogeneous tissue medium with dimensions (200, 120, 120)
[INFO] src\medium\heterogeneous\tissue.rs:74 - Created layered tissue medium with 7 layers
[INFO] examples\tissue_model_example.rs:57 - Created layered tissue medium model
[INFO] src\medium\absorption\tissue_specific.rs:217 - Initialized tissue property database with 13 tissues
[INFO] examples\tissue_model_example.rs:79 - Created linear array at position (0.010, 0.030, 0.030) m focusing at (0.050, 0.030, 0.030) m
[INFO] examples\tissue_model_example.rs:87 - Configured nonlinear wave solver with enhanced physics
[INFO] src\sensor\mod.rs:34 - Sensor initialized with 3 positions for 80 steps
[INFO] src\recorder\mod.rs:38 - Initialized Recorder: 3 sensors, duration 4.937500e-6 s, pressure: true, light: true
[INFO] examples\tissue_model_example.rs:141 - Starting simulation with 80 time steps
[INFO] src\solver\mod.rs:119 - Starting simulation: dt = 6.250000e-8, steps = 80
[INFO] src\solver\mod.rs:309 - pressure field stats at step 0: min=0.0000e0, max=0.0000e0, mean=0.0000e0
[INFO] src\solver\mod.rs:309 - pressure_after_cavitation field stats at step 0: min=-2.6546e4, max=-2.6546e4, mean=-2.6546e4
[INFO] src\solver\mod.rs:309 - light_after_update field stats at step 0: min=0.0000e0, max=0.0000e0, mean=0.0000e0
[INFO] src\solver\mod.rs:309 - temperature field stats at step 0: min=2.9315e2, max=2.9315e2, mean=2.9315e2
[INFO] src\solver\mod.rs:492 - Warning: Unable to update medium state at step 0 - medium is shared
[INFO] src\solver\mod.rs:510 - Step 0 completed in 17.7759 s (wave: 1.6145, cav: 7.4331, light: 0.5766, thermal: 0.9641)
[INFO] src\solver\mod.rs:168 - Step 0/80 (0.0%): Pressure = -2.655e4 Pa, Light = 0.000e0 W/m², Temp = 293.15 K, Time = 17.776s, Avg = 17.776s, ETA: 0h 23m 24s
[INFO] src\config\simulation.rs:66 - Calculated acoustic wavelength: 0.008333333333333333 m
[INFO] src\sensor\mod.rs:34 - Sensor initialized with 4 positions for 22 steps
[INFO] src\recorder\mod.rs:38 - Initialized Recorder: 4 sensors, duration 1.066494e-5 s, pressure: true, light: true
[INFO] src\solver\mod.rs:133 - Starting simulation: dt = 5.078544e-7, steps = 22
[INFO] src\solver\mod.rs:591 - Step 0 completed in 0.0947 s (wave: 0.0113, cav: 0.0346, light: 0.0055, thermal: 0.0067)
[INFO] src\solver\mod.rs:182 - Step 0/22 (0.0%): Pressure = -3.849e0 Pa, Light = 0.000e0 W/m², Temp = 293.15 K, Time = 0.095s, Avg = 0.095s, ETA: 0h 0m 2s
[WARN] src\solver\mod.rs:347 - Field 'pressure_after_cavitation' stabilized: 0 NaN, 0 Inf, 1 < min, 0 > max (range: -1.632e9 to 2.105e5)
[WARN] src\solver\mod.rs:347 - Field 'pressure_after_cavitation' stabilized: 0 NaN, 0 Inf, 0 < min, 1 > max (range: -1.515e6 to 1.043e9)
[WARN] src\solver\mod.rs:347 - Field 'pressure_after_cavitation' stabilized: 0 NaN, 0 Inf, 0 < min, 1 > max (range: -5.205e6 to 2.974e9)
[WARN] src\solver\mod.rs:347 - Field 'pressure_after_cavitation' stabilized: 0 NaN, 0 Inf, 0 < min, 1 > max (range: -5.311e6 to 5.059e9)
[WARN] src\solver\mod.rs:347 - Field 'pressure_after_cavitation' stabilized: 0 NaN, 0 Inf, 0 < min, 1 > max (range: -5.836e6 to 3.761e9)
[WARN] src\solver\mod.rs:347 - Field 'pressure_after_cavitation' stabilized: 0 NaN, 0 Inf, 0 < min, 1 > max (range: -6.046e6 to 1.542e9)
[INFO] src\solver\mod.rs:182 - Step 21/22 (95.5%): Pressure = 4.113e3 Pa, Light = 6.784e-2 W/m², Temp = 293.15 K, Time = 0.101s, Avg = 0.105s, ETA: 0h 0m 0s
[INFO] src\solver\mod.rs:246 - Simulation completed in 2.32s. Steps: 22, Avg: 0.105s/step, Min: 0.091s, Max: 0.117s
[INFO] src\solver\mod.rs:252 - Physics component breakdown:
[INFO] src\solver\mod.rs:253 -   Preprocessing: 0.000s/step (0.2%)
[INFO] src\solver\mod.rs:254 -   Acoustic Wave: 0.012s/step (11.4%)
[INFO] src\solver\mod.rs:255 -   Cavitation: 0.038s/step (36.1%)
[INFO] src\solver\mod.rs:256 -   Light Diffusion: 0.006s/step (5.8%)
[INFO] src\solver\mod.rs:257 -   Thermal: 0.007s/step (6.3%)
[INFO] src\solver\mod.rs:258 -   Chemical: 0.004s/step (3.6%)
[INFO] src\solver\mod.rs:259 -   Streaming/Scattering: 0.000s/step (0.2%)
[INFO] src\solver\mod.rs:260 -   Postprocessing: 0.000s/step (0.2%)
[INFO] src\solver\mod.rs:205 - Medium state update statistics: 22/22 successful (100.0%)
[INFO] src\output\mod.rs:14 - Saving pressure data to sdt_pressure_output.csv
[INFO] src\output\mod.rs:39 - Saving light data to sdt_light_output.csv
[INFO] src\output\mod.rs:64 - Generating summary to sdt_summary.csv
[INFO] src\recorder\mod.rs:102 - Saving recorded data to sdt_sensor_data.csv
[INFO] src\recorder\mod.rs:136 - Saving 3 full 4D snapshots
[INFO] src\plotting\mod.rs:21 - Generating 3D scatter plot: source_positions
[INFO] src\plotting\mod.rs:21 - Generating 3D scatter plot: sensor_positions
[INFO] src\plotting\mod.rs:53 - Generating 2D heatmap: pressure_slice
[INFO] src\plotting\mod.rs:53 - Generating 2D heatmap: light_slice
[INFO] src\plotting\mod.rs:53 - Generating 2D heatmap: temperature_slice
[INFO] src\plotting\mod.rs:53 - Generating 2D heatmap: cavitation_slice
[INFO] src\plotting\mod.rs:115 - Generating time series plot for sensor 0: pressure_time_series
[INFO] src\plotting\mod.rs:115 - Generating time series plot for sensor 0: light_time_series
[INFO] examples\sonodynamic_therapy_simulation.rs:96 - SDT simulation completed. Outputs saved and plotted as HTML files.
[INFO] examples\tissue_model_example.rs:45 - Starting tissue model simulation with 1 MHz transducer
[INFO] examples\tissue_model_example.rs:53 - Created grid with dimensions: 200x120x120
[INFO] src\medium\heterogeneous\tissue.rs:40 - Created heterogeneous tissue medium with dimensions (200, 120, 120)
[INFO] src\medium\heterogeneous\tissue.rs:74 - Created layered tissue medium with 7 layers
[INFO] examples\tissue_model_example.rs:57 - Created layered tissue medium model
[INFO] src\medium\absorption\tissue_specific.rs:217 - Initialized tissue property database with 13 tissues
[INFO] examples\tissue_model_example.rs:79 - Created linear array at position (0.010, 0.030, 0.030) m focusing at (0.050, 0.030, 0.030) m
[INFO] examples\tissue_model_example.rs:87 - Configured nonlinear wave solver with enhanced physics
[INFO] src\sensor\mod.rs:34 - Sensor initialized with 3 positions for 80 steps
[INFO] src\recorder\mod.rs:38 - Initialized Recorder: 3 sensors, duration 4.937500e-6 s, pressure: true, light: true
[INFO] examples\tissue_model_example.rs:141 - Starting simulation with 80 time steps
[INFO] src\solver\mod.rs:133 - Starting simulation: dt = 6.250000e-8, steps = 80
[WARN] src\solver\mod.rs:288 - Cannot update medium state (temperature, bubble dynamics) because it is shared
[INFO] src\solver\mod.rs:591 - Step 0 completed in 27.8256 s (wave: 3.2381, cav: 11.9029, light: 1.0703, thermal: 1.5532)
[INFO] src\solver\mod.rs:182 - Step 0/80 (0.0%): Pressure = -2.389e4 Pa, Light = 0.000e0 W/m², Temp = 293.15 K, Time = 27.826s, Avg = 27.826s, ETA: 0h 36m 38s
[WARN] src\solver\mod.rs:288 - Cannot update medium state (temperature, bubble dynamics) because it is shared
[INFO] src\solver\mod.rs:182 - Step 1/80 (1.2%): Pressure = -1.403e4 Pa, Light = 0.000e0 W/m², Temp = 293.15 K, Time = 38.375s, Avg = 33.100s, ETA: 0h 43m 2s
[WARN] src\solver\mod.rs:288 - Cannot update medium state (temperature, bubble dynamics) because it is shared
[INFO] src\solver\mod.rs:182 - Step 2/80 (2.5%): Pressure = -1.232e4 Pa, Light = 0.000e0 W/m², Temp = 293.15 K, Time = 30.754s, Avg = 32.318s, ETA: 0h 41m 28s
[INFO] src/config/simulation.rs:71 - Calculated acoustic wavelength: 0.0015 m
[INFO] src/sensor/mod.rs:34 - Sensor initialized with 4 positions for 110 steps
[INFO] src/recorder/mod.rs:38 - Initialized Recorder: 4 sensors, duration 4.982052e-6 s, pressure: true, light: true
[INFO] src/solver/mod.rs:132 - Starting simulation: dt = 4.570690e-8, steps = 110
